Line 29: Class MSAdodcLib.Adodc of control Adodc1 was not a loaded control class.
Line 84: Class MSMask.MaskEdBox of control date_applied_on was not a loaded control class.
Line 35: The property name _ExtentX in Adodc1 is invalid.
Line 36: The property name _ExtentY in Adodc1 is invalid.
Line 37: The property name ConnectMode in Adodc1 is invalid.
Line 38: The property name CursorLocation in Adodc1 is invalid.
Line 39: The property name IsolationLevel in Adodc1 is invalid.
Line 40: The property name ConnectionTimeout in Adodc1 is invalid.
Line 41: The property name CommandTimeout in Adodc1 is invalid.
Line 42: The property name CursorType in Adodc1 is invalid.
Line 43: The property name LockType in Adodc1 is invalid.
Line 44: The property name CommandType in Adodc1 is invalid.
Line 45: The property name CursorOptions in Adodc1 is invalid.
Line 46: The property name CacheSize in Adodc1 is invalid.
Line 47: The property name MaxRecords in Adodc1 is invalid.
Line 48: The property name BOFAction in Adodc1 is invalid.
Line 49: The property name EOFAction in Adodc1 is invalid.
Line 50: The property name ConnectStringType in Adodc1 is invalid.
Line 54: The property name Orientation in Adodc1 is invalid.
Line 56: The property name Connect in Adodc1 is invalid.
Line 57: The property name OLEDBString in Adodc1 is invalid.
Line 58: The property name OLEDBFile in Adodc1 is invalid.
Line 59: The property name DataSourceName in Adodc1 is invalid.
Line 60: The property name OtherAttributes in Adodc1 is invalid.
Line 61: The property name UserName in Adodc1 is invalid.
Line 62: The property name Password in Adodc1 is invalid.
Line 63: The property name RecordSource in Adodc1 is invalid.
Line 64: The property name Caption in Adodc1 is invalid.
Line 74: The property name _Version in Adodc1 is invalid.
Line 99: The property name _ExtentX in date_applied_on is invalid.
Line 100: The property name _ExtentY in date_applied_on is invalid.
Line 101: The property name _Version in date_applied_on is invalid.
Line 102: The property name AllowPrompt in date_applied_on is invalid.
Line 103: The property name MaxLength in date_applied_on is invalid.
Line 104: The property name Format in date_applied_on is invalid.
Line 105: The property name Mask in date_applied_on is invalid.
Line 106: The property name PromptChar in date_applied_on is invalid.
